<?xml version="1.0" encoding="UTF-8"?>
<!-- Generated by org.testng.reporters.JUnitReportReporter -->
<testsuite skipped="0" hostname="DESKTOP-09AO3Q3" name="parallel.ParallelRun" tests="12" failures="1" timestamp="15 Feb 2022 12:56:22 GMT" time="166.672" errors="0">
  <testcase name="runScenario" time="8.991" classname="parallel.ParallelRun"/>
  <testcase name="runScenario" time="6.226" classname="parallel.ParallelRun"/>
  <testcase name="runScenario" time="11.862" classname="parallel.ParallelRun"/>
  <testcase name="runScenario" time="11.577" classname="parallel.ParallelRun"/>
  <testcase name="runScenario" time="17.330" classname="parallel.ParallelRun"/>
  <testcase name="runScenario" time="20.265" classname="parallel.ParallelRun"/>
  <testcase name="runScenario" time="16.173" classname="parallel.ParallelRun"/>
  <testcase name="runScenario" time="18.071" classname="parallel.ParallelRun"/>
  <testcase name="runScenario" time="16.671" classname="parallel.ParallelRun"/>
  <testcase name="runScenario" time="19.393" classname="parallel.ParallelRun"/>
  <testcase name="runScenario" time="5.047" classname="parallel.ParallelRun">
    <failure type="java.lang.AssertionError" message="Detected same images for al products error for login with problem User expected [true] but found [false]">
      <![CDATA[java.lang.AssertionError: Detected same images for al products error for login with problem User expected [true] but found [false]
at org.testng.Assert.fail(Assert.java:96)
at org.testng.Assert.failNotEquals(Assert.java:776)
at org.testng.Assert.assertTrue(Assert.java:44)
at parallel.LoginPageSteps.user_login_is_successful_but_found_problems_after_login_with_Problem_user_credentials_for_scenario(LoginPageSteps.java:57)
at âœ½.User Login is successful but found problems after login with Problem user credentials for scenario "Problem User"(file:///E:/MobileAutomation/seleniumworkspace/SauceUIPOMDemo/src/test/resources/parallel/Login.feature:29)
]]>
    </failure>
  </testcase> <!-- runScenario -->
  <testcase name="runScenario" time="15.066" classname="parallel.ParallelRun"/>
</testsuite> <!-- parallel.ParallelRun -->
